\BOOKMARK [0][-]{chapter.1}{Introduction}{}% 1
\BOOKMARK [1][-]{section.1.1}{Background}{chapter.1}% 2
\BOOKMARK [1][-]{section.1.2}{Objectives}{chapter.1}% 3
\BOOKMARK [1][-]{section.1.3}{Approach}{chapter.1}% 4
\BOOKMARK [1][-]{section.1.4}{Structure of the Report}{chapter.1}% 5
\BOOKMARK [0][-]{chapter.2}{Equations, etc}{}% 6
\BOOKMARK [1][-]{section.2.1}{Simple Equations}{chapter.2}% 7
\BOOKMARK [1][-]{section.2.2}{Including Figures}{chapter.2}% 8
\BOOKMARK [1][-]{section.2.3}{Including Tables}{chapter.2}% 9
\BOOKMARK [1][-]{section.2.4}{Copying Figures and Tables}{chapter.2}% 10
\BOOKMARK [1][-]{section.2.5}{References to Figures and Tables}{chapter.2}% 11
\BOOKMARK [1][-]{section.2.6}{A Word About Font-encoding}{chapter.2}% 12
\BOOKMARK [1][-]{section.2.7}{Plagiarism}{chapter.2}% 13
\BOOKMARK [0][-]{chapter.3}{Summary}{}% 14
\BOOKMARK [1][-]{section.3.1}{Summary and Conclusions}{chapter.3}% 15
\BOOKMARK [1][-]{section.3.2}{Discussion}{chapter.3}% 16
\BOOKMARK [1][-]{section.3.3}{Recommendations for Further Work}{chapter.3}% 17
\BOOKMARK [0][-]{appendix.A}{Acronyms}{}% 18
\BOOKMARK [0][-]{appendix.B}{Additional Information}{}% 19
\BOOKMARK [1][-]{section.B.1}{Introduction}{appendix.B}% 20
\BOOKMARK [2][-]{subsection.B.1.1}{More Details}{section.B.1}% 21
\BOOKMARK [0][-]{subsection.B.1.1}{Bibliography}{}% 22
\BOOKMARK [0][-]{appendix*.5}{Curriculum Vitae}{}% 23
